Using pre-set license
Built from '2021.1/staging' branch; Version is '2021.1.23f1 (b50729e604a9) revision 11863849'; Using compiler version '192528614'; Build Type 'Release'
OS: 'Windows 10 Pro; OS build 19043.1526; Version 2009; 64bit' Language: 'tr' Physical Memory: 16173 MB
BatchMode: 1, IsHumanControllingUs: 0, StartBugReporterOnCrash: 0, Is64bit: 1, IsPro: 0

COMMAND LINE ARGUMENTS:
C:\Program Files\Unity\2021.1.23f1\Editor\Unity.exe
-adb2
-batchMode
-noUpm
-name
AssetImportWorker0
-projectPath
C:/Users/Admin/Desktop/ConcerVerse
-logFile
Logs/AssetImportWorker0.log
-srvPort
49988
Successfully changed project path to: C:/Users/Admin/Desktop/ConcerVerse
C:/Users/Admin/Desktop/ConcerVerse
Using Asset Import Pipeline V2.
Refreshing native plugins compatible for Editor in 129.35 ms, found 3 plugins.
Preloading 0 native plugins for Editor in 0.00 ms.
Initialize engine version: 2021.1.23f1 (b50729e604a9)
[Subsystems] Discovering subsystems at path C:/Program Files/Unity/2021.1.23f1/Editor/Data/Resources/UnitySubsystems
[Subsystems] Discovering subsystems at path C:/Users/Admin/Desktop/ConcerVerse/Assets
GfxDevice: creating device client; threaded=0; jobified=0
Direct3D:
    Version:  Direct3D 11.0 [level 11.1]
    Renderer: NVIDIA GeForce GTX 1650 Ti (ID=0x1f95)
    Vendor:   NVIDIA
    VRAM:     3962 MB
    Driver:   30.0.15.1165
Initialize mono
Mono path[0] = 'C:/Program Files/Unity/2021.1.23f1/Editor/Data/Managed'
Mono path[1] = 'C:/Program Files/Unity/2021.1.23f1/Editor/Data/MonoBleedingEdge/lib/mono/unityjit'
Mono config path = 'C:/Program Files/Unity/2021.1.23f1/Editor/Data/MonoBleedingEdge/etc'
Using monoOptions --debugger-agent=transport=dt_socket,embedding=1,server=y,suspend=n,address=127.0.0.1:56752
Begin MonoManager ReloadAssembly
Registering precompiled unity dll's ...
Register platform support module: C:/Program Files/Unity/2021.1.23f1/Editor/Data/PlaybackEngines/WindowsStandaloneSupport/UnityEditor.WindowsStandalone.Extensions.dll
Registered in 0.002606 seconds.
Native extension for WindowsStandalone target not found
Refreshing native plugins compatible for Editor in 139.36 ms, found 3 plugins.
Preloading 0 native plugins for Editor in 0.00 ms.
Mono: successfully reloaded assembly
- Completed reload, in  1.962 seconds
Domain Reload Profiling:
	ReloadAssembly (1962ms)
		BeginReloadAssembly (101ms)
			ExecutionOrderSort (0ms)
			DisableScriptedObjects (0ms)
			BackupInstance (0ms)
			ReleaseScriptingObjects (0ms)
			CreateAndSetChildDomain (1ms)
		EndReloadAssembly (826ms)
			LoadAssemblies (98ms)
			RebuildTransferFunctionScriptingTraits (0ms)
			SetupTypeCache (316ms)
			ReleaseScriptCaches (0ms)
			RebuildScriptCaches (50ms)
			SetupLoadedEditorAssemblies (384ms)
				LogAssemblyErrors (0ms)
				InitializePlatformSupportModulesInManaged (11ms)
				SetLoadedEditorAssemblies (0ms)
				RefreshPlugins (139ms)
				BeforeProcessingInitializeOnLoad (2ms)
				ProcessInitializeOnLoadAttributes (178ms)
				ProcessInitializeOnLoadMethodAttributes (52ms)
				AfterProcessingInitializeOnLoad (0ms)
				EditorAssembliesLoaded (0ms)
			ExecutionOrderSort2 (0ms)
			AwakeInstancesAfterBackupRestoration (0ms)
Platform modules already initialized, skipping
Registering precompiled user dll's ...
Registered in 0.006421 seconds.
Begin MonoManager ReloadAssembly
Symbol file LoadedFromMemory doesn't match image C:\Users\Admin\Desktop\ConcerVerse\Library\PackageCache\com.unity.visualscripting@1.6.1\Editor\VisualScripting.Core\Dependencies\YamlDotNet\Unity.VisualScripting.YamlDotNet.dll
Symbol file LoadedFromMemory doesn't match image C:\Users\Admin\Desktop\ConcerVerse\Library\PackageCache\com.unity.visualscripting@1.6.1\Editor\VisualScripting.Core\Dependencies\DotNetZip\Unity.VisualScripting.IonicZip.dll
Native extension for WindowsStandalone target not found
Refreshing native plugins compatible for Editor in 0.74 ms, found 3 plugins.
Preloading 0 native plugins for Editor in 0.00 ms.
Mono: successfully reloaded assembly
- Completed reload, in  1.938 seconds
Domain Reload Profiling:
	ReloadAssembly (1939ms)
		BeginReloadAssembly (269ms)
			ExecutionOrderSort (0ms)
			DisableScriptedObjects (8ms)
			BackupInstance (0ms)
			ReleaseScriptingObjects (0ms)
			CreateAndSetChildDomain (31ms)
		EndReloadAssembly (1560ms)
			LoadAssemblies (165ms)
			RebuildTransferFunctionScriptingTraits (0ms)
			SetupTypeCache (600ms)
			ReleaseScriptCaches (1ms)
			RebuildScriptCaches (79ms)
			SetupLoadedEditorAssemblies (547ms)
				LogAssemblyErrors (0ms)
				InitializePlatformSupportModulesInManaged (8ms)
				SetLoadedEditorAssemblies (1ms)
				RefreshPlugins (1ms)
				BeforeProcessingInitializeOnLoad (120ms)
				ProcessInitializeOnLoadAttributes (399ms)
				ProcessInitializeOnLoadMethodAttributes (9ms)
				AfterProcessingInitializeOnLoad (10ms)
				EditorAssembliesLoaded (1ms)
			ExecutionOrderSort2 (0ms)
			AwakeInstancesAfterBackupRestoration (15ms)
Platform modules already initialized, skipping
========================================================================
Worker process is ready to serve import requests
Launched and connected shader compiler UnityShaderCompiler.exe after 0.11 seconds
Refreshing native plugins compatible for Editor in 1.25 ms, found 3 plugins.
Preloading 0 native plugins for Editor in 0.00 ms.
Unloading 2949 Unused Serialized files (Serialized files now loaded: 0)
System memory in use before: 105.7 MB.
System memory in use after: 105.9 MB.

Unloading 20 unused Assets to reduce memory usage. Loaded Objects now: 3395.
Total: 7.119300 ms (FindLiveObjects: 0.586200 ms CreateObjectMapping: 0.378900 ms MarkObjects: 6.054600 ms  DeleteObjects: 0.097800 ms)

AssetImportParameters requested are different than current active one (requested -> active):
  custom:framework-win-MediaFoundation: 216162199b28c13a410421893ffa2e32 -> 
  custom:video-decoder-ogg-theora: a1e56fd34408186e4bbccfd4996cb3dc -> 
  custom:container-muxer-webm: aa71ff27fc2769a1b78a27578f13a17b -> 
  custom:container-demuxer-webm: 4f35f7cbe854078d1ac9338744f61a02 -> 
  custom:container-demuxer-ogg: 62fdf1f143b41e24485cea50d1cbac27 -> 
  custom:video-encoder-webm-vp8: eb34c28f22e8b96e1ab97ce403110664 -> 
  custom:video-decoder-webm-vp8: 9c59270c3fd7afecdb556c50c9e8de78 -> 
  custom:audio-decoder-ogg-vorbis: bf7c407c2cedff20999df2af8eb42d56 -> 
  custom:audio-encoder-webm-vorbis: bf7c407c2cedff20999df2af8eb42d56 -> 
========================================================================
Received Import Request.
  path: Assets/Materials
  artifactKey: Guid(662e7f2b63afcb349ae645147188817b) Importer(815301076,1909f56bfc062723c751e8b465ee728b)
Start importing Assets/Materials using Guid(662e7f2b63afcb349ae645147188817b) Importer(815301076,1909f56bfc062723c751e8b465ee728b)  -> (artifact id: '252fd14787c61b566f2cc43423d3ec12') in 0.019257 seconds 
========================================================================
Received Import Request.
  Time since last request: 6.436086 seconds.
  path: Assets/Materials/GroundMaterial.mat
  artifactKey: Guid(998e168a0f5574245a682036ce5a7223) Importer(815301076,1909f56bfc062723c751e8b465ee728b)
Start importing Assets/Materials/GroundMaterial.mat using Guid(998e168a0f5574245a682036ce5a7223) Importer(815301076,1909f56bfc062723c751e8b465ee728b)  -> (artifact id: '040c2d45d10f247788508295b4f1fb8c') in 0.154609 seconds 
========================================================================
Received Import Request.
  Time since last request: 712.532884 seconds.
  path: Assets/Models/remy@Standard Walk.fbx
  artifactKey: Guid(0c8eaa0ac979ad348832a90b499a4901) Importer(815301076,1909f56bfc062723c751e8b465ee728b)
Start importing Assets/Models/remy@Standard Walk.fbx using Guid(0c8eaa0ac979ad348832a90b499a4901) Importer(815301076,1909f56bfc062723c751e8b465ee728b)  -> (artifact id: 'b55920dc8621f1890b2f0f717917b920') in 0.612320 seconds 
========================================================================
Received Import Request.
  Time since last request: 50.175501 seconds.
  path: Assets/Animations
  artifactKey: Guid(2cb6e327d2895ac4186aa4ce1b485c68) Importer(815301076,1909f56bfc062723c751e8b465ee728b)
Start importing Assets/Animations using Guid(2cb6e327d2895ac4186aa4ce1b485c68) Importer(815301076,1909f56bfc062723c751e8b465ee728b)  -> (artifact id: '1430ccc06df2da5fccf78857f41a75f2') in 0.008044 seconds 
========================================================================
Received Import Request.
  Time since last request: 56.792635 seconds.
  path: Assets/Materials/Tshirt.mat
  artifactKey: Guid(3a2045d1ca1a66d4f9746b09715cd90b) Importer(815301076,1909f56bfc062723c751e8b465ee728b)
Start importing Assets/Materials/Tshirt.mat using Guid(3a2045d1ca1a66d4f9746b09715cd90b) Importer(815301076,1909f56bfc062723c751e8b465ee728b)  -> (artifact id: 'a39a34fe9f2e82a09ed628195807452e') in 0.017659 seconds 
========================================================================
Received Import Request.
  Time since last request: 51.685405 seconds.
  path: Assets/Materials/Pants.mat
  artifactKey: Guid(8f2558074e3c61a4d920a305c34950ff) Importer(815301076,1909f56bfc062723c751e8b465ee728b)
Start importing Assets/Materials/Pants.mat using Guid(8f2558074e3c61a4d920a305c34950ff) Importer(815301076,1909f56bfc062723c751e8b465ee728b)  -> (artifact id: '1fbfbeea6db6865dbeb33e7b15af8ab4') in 0.016229 seconds 
========================================================================
Received Import Request.
  Time since last request: 7.751664 seconds.
  path: Assets/Materials/Ten.mat
  artifactKey: Guid(778d3977fa4fc6b4885ecd9edf041871) Importer(815301076,1909f56bfc062723c751e8b465ee728b)
Start importing Assets/Materials/Ten.mat using Guid(778d3977fa4fc6b4885ecd9edf041871) Importer(815301076,1909f56bfc062723c751e8b465ee728b)  -> (artifact id: '46798ef54541875d73d8b8d748abd807') in 0.023016 seconds 
========================================================================
Received Import Request.
  Time since last request: 19.977110 seconds.
  path: Assets/Materials/Hair.mat
  artifactKey: Guid(2ad14043596d7d54f97dcad93718a71b) Importer(815301076,1909f56bfc062723c751e8b465ee728b)
Start importing Assets/Materials/Hair.mat using Guid(2ad14043596d7d54f97dcad93718a71b) Importer(815301076,1909f56bfc062723c751e8b465ee728b)  -> (artifact id: 'd1e076eb16935af6a88104c21c81bc1b') in 0.016396 seconds 
========================================================================
Received Prepare
Registering precompiled user dll's ...
Registered in 0.006671 seconds.
Begin MonoManager ReloadAssembly
Symbol file LoadedFromMemory doesn't match image C:\Users\Admin\Desktop\ConcerVerse\Library\PackageCache\com.unity.visualscripting@1.6.1\Editor\VisualScripting.Core\Dependencies\YamlDotNet\Unity.VisualScripting.YamlDotNet.dll
Symbol file LoadedFromMemory doesn't match image C:\Users\Admin\Desktop\ConcerVerse\Library\PackageCache\com.unity.visualscripting@1.6.1\Editor\VisualScripting.Core\Dependencies\DotNetZip\Unity.VisualScripting.IonicZip.dll
Native extension for WindowsStandalone target not found
Refreshing native plugins compatible for Editor in 0.79 ms, found 3 plugins.
Preloading 0 native plugins for Editor in 0.00 ms.
Mono: successfully reloaded assembly
- Completed reload, in  1.620 seconds
Domain Reload Profiling:
	ReloadAssembly (1620ms)
		BeginReloadAssembly (203ms)
			ExecutionOrderSort (0ms)
			DisableScriptedObjects (7ms)
			BackupInstance (0ms)
			ReleaseScriptingObjects (0ms)
			CreateAndSetChildDomain (56ms)
		EndReloadAssembly (1322ms)
			LoadAssemblies (153ms)
			RebuildTransferFunctionScriptingTraits (0ms)
			SetupTypeCache (523ms)
			ReleaseScriptCaches (2ms)
			RebuildScriptCaches (65ms)
			SetupLoadedEditorAssemblies (433ms)
				LogAssemblyErrors (0ms)
				InitializePlatformSupportModulesInManaged (7ms)
				SetLoadedEditorAssemblies (1ms)
				RefreshPlugins (1ms)
				BeforeProcessingInitializeOnLoad (81ms)
				ProcessInitializeOnLoadAttributes (326ms)
				ProcessInitializeOnLoadMethodAttributes (7ms)
				AfterProcessingInitializeOnLoad (9ms)
				EditorAssembliesLoaded (0ms)
			ExecutionOrderSort2 (0ms)
			AwakeInstancesAfterBackupRestoration (11ms)
Platform modules already initialized, skipping
Refreshing native plugins compatible for Editor in 0.75 ms, found 3 plugins.
Preloading 0 native plugins for Editor in 0.00 ms.
Unloading 2943 Unused Serialized files (Serialized files now loaded: 0)
System memory in use before: 121.5 MB.
System memory in use after: 121.8 MB.

Unloading 15 unused Assets to reduce memory usage. Loaded Objects now: 3441.
Total: 4.388800 ms (FindLiveObjects: 0.327600 ms CreateObjectMapping: 0.217800 ms MarkObjects: 3.821400 ms  DeleteObjects: 0.020900 ms)

AssetImportParameters requested are different than current active one (requested -> active):
  custom:framework-win-MediaFoundation: 216162199b28c13a410421893ffa2e32 -> 
  custom:video-decoder-ogg-theora: a1e56fd34408186e4bbccfd4996cb3dc -> 
  custom:container-muxer-webm: aa71ff27fc2769a1b78a27578f13a17b -> 
  custom:container-demuxer-webm: 4f35f7cbe854078d1ac9338744f61a02 -> 
  custom:container-demuxer-ogg: 62fdf1f143b41e24485cea50d1cbac27 -> 
  custom:video-encoder-webm-vp8: eb34c28f22e8b96e1ab97ce403110664 -> 
  custom:video-decoder-webm-vp8: 9c59270c3fd7afecdb556c50c9e8de78 -> 
  custom:audio-decoder-ogg-vorbis: bf7c407c2cedff20999df2af8eb42d56 -> 
  custom:audio-encoder-webm-vorbis: bf7c407c2cedff20999df2af8eb42d56 -> 
========================================================================
Received Import Request.
  Time since last request: 101.287439 seconds.
  path: Assets/Animations/Standard Walk.anim
  artifactKey: Guid(ac8988727b9a73e4582e3498d6efdbc7) Importer(815301076,1909f56bfc062723c751e8b465ee728b)
Start importing Assets/Animations/Standard Walk.anim using Guid(ac8988727b9a73e4582e3498d6efdbc7) Importer(815301076,1909f56bfc062723c751e8b465ee728b)  -> (artifact id: 'c97d9eef07da374ce768174c1a854400') in 0.028608 seconds 
========================================================================
Received Import Request.
  Time since last request: 13.367117 seconds.
  path: Assets/Animations/Human1.controller
  artifactKey: Guid(8af45538f4b09b546b9640e95ec127db) Importer(815301076,1909f56bfc062723c751e8b465ee728b)
Start importing Assets/Animations/Human1.controller using Guid(8af45538f4b09b546b9640e95ec127db) Importer(815301076,1909f56bfc062723c751e8b465ee728b)  -> (artifact id: 'e79351891f5a11170d87705bd9c3b7df') in 0.011432 seconds 
========================================================================
Received Import Request.
  Time since last request: 24.881996 seconds.
  path: Assets/Animations/Standard Walk.anim
  artifactKey: Guid(ac8988727b9a73e4582e3498d6efdbc7) Importer(815301076,1909f56bfc062723c751e8b465ee728b)
Start importing Assets/Animations/Standard Walk.anim using Guid(ac8988727b9a73e4582e3498d6efdbc7) Importer(815301076,1909f56bfc062723c751e8b465ee728b)  -> (artifact id: '9a3c3a4036d6fd9d63834e9f666c9a75') in 0.031325 seconds 
========================================================================
Received Import Request.
  Time since last request: 2.224534 seconds.
  path: Assets/Animations/Human1.controller
  artifactKey: Guid(8af45538f4b09b546b9640e95ec127db) Importer(815301076,1909f56bfc062723c751e8b465ee728b)
Start importing Assets/Animations/Human1.controller using Guid(8af45538f4b09b546b9640e95ec127db) Importer(815301076,1909f56bfc062723c751e8b465ee728b)  -> (artifact id: 'bbce2728821d4d1b44b81cb5141c47af') in 0.030942 seconds 
========================================================================
Received Prepare
Registering precompiled user dll's ...
Registered in 0.008339 seconds.
Begin MonoManager ReloadAssembly
Symbol file LoadedFromMemory doesn't match image C:\Users\Admin\Desktop\ConcerVerse\Library\PackageCache\com.unity.visualscripting@1.6.1\Editor\VisualScripting.Core\Dependencies\YamlDotNet\Unity.VisualScripting.YamlDotNet.dll
Symbol file LoadedFromMemory doesn't match image C:\Users\Admin\Desktop\ConcerVerse\Library\PackageCache\com.unity.visualscripting@1.6.1\Editor\VisualScripting.Core\Dependencies\DotNetZip\Unity.VisualScripting.IonicZip.dll
Native extension for WindowsStandalone target not found
Refreshing native plugins compatible for Editor in 1.05 ms, found 3 plugins.
Preloading 0 native plugins for Editor in 0.00 ms.
Mono: successfully reloaded assembly
- Completed reload, in  1.601 seconds
Domain Reload Profiling:
	ReloadAssembly (1601ms)
		BeginReloadAssembly (167ms)
			ExecutionOrderSort (0ms)
			DisableScriptedObjects (8ms)
			BackupInstance (0ms)
			ReleaseScriptingObjects (0ms)
			CreateAndSetChildDomain (52ms)
		EndReloadAssembly (1338ms)
			LoadAssemblies (139ms)
			RebuildTransferFunctionScriptingTraits (0ms)
			SetupTypeCache (505ms)
			ReleaseScriptCaches (1ms)
			RebuildScriptCaches (65ms)
			SetupLoadedEditorAssemblies (469ms)
				LogAssemblyErrors (0ms)
				InitializePlatformSupportModulesInManaged (8ms)
				SetLoadedEditorAssemblies (1ms)
				RefreshPlugins (1ms)
				BeforeProcessingInitializeOnLoad (96ms)
				ProcessInitializeOnLoadAttributes (345ms)
				ProcessInitializeOnLoadMethodAttributes (8ms)
				AfterProcessingInitializeOnLoad (10ms)
				EditorAssembliesLoaded (0ms)
			ExecutionOrderSort2 (0ms)
			AwakeInstancesAfterBackupRestoration (13ms)
Platform modules already initialized, skipping
Refreshing native plugins compatible for Editor in 0.73 ms, found 3 plugins.
Preloading 0 native plugins for Editor in 0.00 ms.
Unloading 2943 Unused Serialized files (Serialized files now loaded: 0)
System memory in use before: 121.6 MB.
System memory in use after: 121.8 MB.

Unloading 15 unused Assets to reduce memory usage. Loaded Objects now: 3443.
Total: 4.434500 ms (FindLiveObjects: 0.333400 ms CreateObjectMapping: 0.234500 ms MarkObjects: 3.844000 ms  DeleteObjects: 0.021400 ms)

AssetImportParameters requested are different than current active one (requested -> active):
  custom:framework-win-MediaFoundation: 216162199b28c13a410421893ffa2e32 -> 
  custom:video-decoder-ogg-theora: a1e56fd34408186e4bbccfd4996cb3dc -> 
  custom:container-muxer-webm: aa71ff27fc2769a1b78a27578f13a17b -> 
  custom:container-demuxer-webm: 4f35f7cbe854078d1ac9338744f61a02 -> 
  custom:container-demuxer-ogg: 62fdf1f143b41e24485cea50d1cbac27 -> 
  custom:video-encoder-webm-vp8: eb34c28f22e8b96e1ab97ce403110664 -> 
  custom:video-decoder-webm-vp8: 9c59270c3fd7afecdb556c50c9e8de78 -> 
  custom:audio-decoder-ogg-vorbis: bf7c407c2cedff20999df2af8eb42d56 -> 
  custom:audio-encoder-webm-vorbis: bf7c407c2cedff20999df2af8eb42d56 -> 
========================================================================
Received Import Request.
  Time since last request: 234.566987 seconds.
  path: Assets/Animations/remy@Listening To Music.fbx
  artifactKey: Guid(6e32d36edf5792b46a90d3b51754cedd) Importer(815301076,1909f56bfc062723c751e8b465ee728b)
Start importing Assets/Animations/remy@Listening To Music.fbx using Guid(6e32d36edf5792b46a90d3b51754cedd) Importer(815301076,1909f56bfc062723c751e8b465ee728b)  -> (artifact id: '475422462af3cccbc20121e8b5dd9950') in 0.243399 seconds 
========================================================================
Received Import Request.
  Time since last request: 0.491638 seconds.
  path: Assets/Animations/Listening To Music.anim
  artifactKey: Guid(12e5517dfed9311498d114234a3bd078) Importer(815301076,1909f56bfc062723c751e8b465ee728b)
Start importing Assets/Animations/Listening To Music.anim using Guid(12e5517dfed9311498d114234a3bd078) Importer(815301076,1909f56bfc062723c751e8b465ee728b)  -> (artifact id: 'fa19198c1694156d6207412c466b70fa') in 0.019206 seconds 
========================================================================
Received Prepare
Registering precompiled user dll's ...
Registered in 0.006004 seconds.
Begin MonoManager ReloadAssembly
Symbol file LoadedFromMemory doesn't match image C:\Users\Admin\Desktop\ConcerVerse\Library\PackageCache\com.unity.visualscripting@1.6.1\Editor\VisualScripting.Core\Dependencies\YamlDotNet\Unity.VisualScripting.YamlDotNet.dll
Symbol file LoadedFromMemory doesn't match image C:\Users\Admin\Desktop\ConcerVerse\Library\PackageCache\com.unity.visualscripting@1.6.1\Editor\VisualScripting.Core\Dependencies\DotNetZip\Unity.VisualScripting.IonicZip.dll
Native extension for WindowsStandalone target not found
Refreshing native plugins compatible for Editor in 0.76 ms, found 3 plugins.
Preloading 0 native plugins for Editor in 0.00 ms.
Mono: successfully reloaded assembly
- Completed reload, in  1.623 seconds
Domain Reload Profiling:
	ReloadAssembly (1623ms)
		BeginReloadAssembly (176ms)
			ExecutionOrderSort (0ms)
			DisableScriptedObjects (6ms)
			BackupInstance (0ms)
			ReleaseScriptingObjects (0ms)
			CreateAndSetChildDomain (51ms)
		EndReloadAssembly (1348ms)
			LoadAssemblies (148ms)
			RebuildTransferFunctionScriptingTraits (0ms)
			SetupTypeCache (511ms)
			ReleaseScriptCaches (1ms)
			RebuildScriptCaches (72ms)
			SetupLoadedEditorAssemblies (482ms)
				LogAssemblyErrors (0ms)
				InitializePlatformSupportModulesInManaged (7ms)
				SetLoadedEditorAssemblies (1ms)
				RefreshPlugins (1ms)
				BeforeProcessingInitializeOnLoad (77ms)
				ProcessInitializeOnLoadAttributes (379ms)
				ProcessInitializeOnLoadMethodAttributes (7ms)
				AfterProcessingInitializeOnLoad (9ms)
				EditorAssembliesLoaded (0ms)
			ExecutionOrderSort2 (0ms)
			AwakeInstancesAfterBackupRestoration (11ms)
Platform modules already initialized, skipping
Refreshing native plugins compatible for Editor in 0.84 ms, found 3 plugins.
Preloading 0 native plugins for Editor in 0.00 ms.
Unloading 2943 Unused Serialized files (Serialized files now loaded: 0)
System memory in use before: 121.7 MB.
System memory in use after: 121.9 MB.

Unloading 15 unused Assets to reduce memory usage. Loaded Objects now: 3446.
Total: 5.394800 ms (FindLiveObjects: 0.330700 ms CreateObjectMapping: 0.229800 ms MarkObjects: 4.808900 ms  DeleteObjects: 0.023500 ms)

AssetImportParameters requested are different than current active one (requested -> active):
  custom:framework-win-MediaFoundation: 216162199b28c13a410421893ffa2e32 -> 
  custom:video-decoder-ogg-theora: a1e56fd34408186e4bbccfd4996cb3dc -> 
  custom:container-muxer-webm: aa71ff27fc2769a1b78a27578f13a17b -> 
  custom:container-demuxer-webm: 4f35f7cbe854078d1ac9338744f61a02 -> 
  custom:container-demuxer-ogg: 62fdf1f143b41e24485cea50d1cbac27 -> 
  custom:video-encoder-webm-vp8: eb34c28f22e8b96e1ab97ce403110664 -> 
  custom:video-decoder-webm-vp8: 9c59270c3fd7afecdb556c50c9e8de78 -> 
  custom:audio-decoder-ogg-vorbis: bf7c407c2cedff20999df2af8eb42d56 -> 
  custom:audio-encoder-webm-vorbis: bf7c407c2cedff20999df2af8eb42d56 -> 
========================================================================
Received Import Request.
  Time since last request: 48.283093 seconds.
  path: Assets/Animations/Listening To Music.anim
  artifactKey: Guid(12e5517dfed9311498d114234a3bd078) Importer(815301076,1909f56bfc062723c751e8b465ee728b)
Start importing Assets/Animations/Listening To Music.anim using Guid(12e5517dfed9311498d114234a3bd078) Importer(815301076,1909f56bfc062723c751e8b465ee728b)  -> (artifact id: 'a2aba94ec2827f1bf794df55fc31a814') in 0.056869 seconds 
========================================================================
Received Import Request.
  Time since last request: 3.671835 seconds.
  path: Assets/Animations/Human1.controller
  artifactKey: Guid(8af45538f4b09b546b9640e95ec127db) Importer(815301076,1909f56bfc062723c751e8b465ee728b)
Start importing Assets/Animations/Human1.controller using Guid(8af45538f4b09b546b9640e95ec127db) Importer(815301076,1909f56bfc062723c751e8b465ee728b)  -> (artifact id: 'f57619949bf1c6ef1ec4dbe014b2efe9') in 0.060417 seconds 
========================================================================
Received Import Request.
  Time since last request: 58.704363 seconds.
  path: Assets/Animations/Human1.controller
  artifactKey: Guid(8af45538f4b09b546b9640e95ec127db) Importer(815301076,1909f56bfc062723c751e8b465ee728b)
Start importing Assets/Animations/Human1.controller using Guid(8af45538f4b09b546b9640e95ec127db) Importer(815301076,1909f56bfc062723c751e8b465ee728b)  -> (artifact id: '717ca59afb445e99c45e7672f24b4954') in 0.056947 seconds 
AssetImportWorkerClient::OnTransportError - code=2 error=End of file
